<?xml version="1.0" encoding="UTF-8"?>
<!-- Generated by org.testng.reporters.JUnitReportReporter -->
<testsuite skipped="0" hostname="SRG2304" name="com.syntax.testcases.LoginPageTest" tests="1" failures="0" timestamp="16 Jun 2019 05:07:14 GMT" time="11.437" errors="0">
  <testcase name="loginToOrangeHRM" time="11.437" classname="com.syntax.testcases.LoginPageTest"/>
</testsuite> <!-- com.syntax.testcases.LoginPageTest -->
