<?xml version="1.0" encoding="UTF-8"?>
<!-- Generated by org.testng.reporters.JUnitReportReporter -->
<testsuite skipped="0" hostname="SRG2304" name="com.syntax.utils.BaseClass" tests="1" failures="0" timestamp="15 Jun 2019 18:01:43 GMT" time="19.568" errors="0">
  <testcase name="setUp" time="19.568" classname="com.syntax.utils.BaseClass"/>
</testsuite> <!-- com.syntax.utils.BaseClass -->
